C:\USERS\KEHL\WORKSPACE\KINECT\BIN\DEBUG-KINECT.EXE
C:\USERS\KEHL\WORKSPACE\KINECT\BIN\DEBUG-KINECT.ILK
C:\USERS\KEHL\WORKSPACE\KINECT\BIN\DEBUG-KINECT.PDB
C:\Users\kehl\workspace\Kinect\Debug\cl.command.1.tlog
C:\Users\kehl\workspace\Kinect\Debug\CL.read.1.tlog
C:\Users\kehl\workspace\Kinect\Debug\CL.write.1.tlog
C:\USERS\KEHL\WORKSPACE\KINECT\DEBUG\CLIENT.OBJ
C:\USERS\KEHL\WORKSPACE\KINECT\DEBUG\DEBUG-KINECT.EXE.EMBED.MANIFEST
C:\USERS\KEHL\WORKSPACE\KINECT\DEBUG\DEBUG-KINECT.EXE.EMBED.MANIFEST.RES
C:\USERS\KEHL\WORKSPACE\KINECT\DEBUG\DEBUG-KINECT.EXE.INTERMEDIATE.MANIFEST
C:\Users\kehl\workspace\Kinect\Debug\Debug-Kinect_manifest.rc
C:\USERS\KEHL\WORKSPACE\KINECT\DEBUG\KINECT_CLIENT.OBJ
C:\Users\kehl\workspace\Kinect\Debug\link.command.1.tlog
C:\Users\kehl\workspace\Kinect\Debug\link.read.1.tlog
C:\Users\kehl\workspace\Kinect\Debug\link.write.1.tlog
C:\Users\kehl\workspace\Kinect\Debug\link-cvtres.read.1.tlog
C:\Users\kehl\workspace\Kinect\Debug\link-cvtres.write.1.tlog
C:\USERS\KEHL\WORKSPACE\KINECT\DEBUG\MAIN.OBJ
C:\Users\kehl\workspace\Kinect\Debug\mt.command.1.tlog
C:\Users\kehl\workspace\Kinect\Debug\mt.read.1.tlog
C:\Users\kehl\workspace\Kinect\Debug\mt.write.1.tlog
C:\USERS\KEHL\WORKSPACE\KINECT\DEBUG\NITE.RES
C:\Users\kehl\workspace\Kinect\Debug\rc.command.1.tlog
C:\Users\kehl\workspace\Kinect\Debug\rc.read.1.tlog
C:\Users\kehl\workspace\Kinect\Debug\rc.write.1.tlog
C:\Users\kehl\workspace\Kinect\Debug\vc100.idb
C:\USERS\KEHL\WORKSPACE\KINECT\DEBUG\VC100.PDB
