Fri Apr 08 15:23:11 2011
sessionstart

Fri Apr 08 15:23:13 2011
push

Fri Apr 08 15:23:14 2011
steady

Fri Apr 08 15:23:14 2011
steady

Fri Apr 08 15:23:16 2011
push

Fri Apr 08 15:23:17 2011
steady

Fri Apr 08 15:23:18 2011
steady

Fri Apr 08 15:23:18 2011
steady

Fri Apr 08 15:23:18 2011
steady

Fri Apr 08 15:23:18 2011
steady

Fri Apr 08 15:23:19 2011
steady

Fri Apr 08 15:23:19 2011
steady

Fri Apr 08 15:23:19 2011
steady

Fri Apr 08 15:23:19 2011
steady

Fri Apr 08 15:23:19 2011
steady

Fri Apr 08 15:23:20 2011
steady

Fri Apr 08 15:23:20 2011
steady

Fri Apr 08 15:23:22 2011
steady

Fri Apr 08 15:23:23 2011
steady

Fri Apr 08 15:23:24 2011
push

Fri Apr 08 15:23:29 2011
steady

Fri Apr 08 15:23:30 2011
steady

Fri Apr 08 15:23:31 2011
steady

Fri Apr 08 15:23:32 2011
push

Fri Apr 08 15:23:33 2011
steady

Fri Apr 08 15:23:34 2011
push

Fri Apr 08 15:23:38 2011
steady

Fri Apr 08 15:23:38 2011
steady

Fri Apr 08 15:23:39 2011
steady

Fri Apr 08 15:23:39 2011
steady

Fri Apr 08 15:23:39 2011
steady

Fri Apr 08 15:23:41 2011
steady

Fri Apr 08 15:23:41 2011
steady

Fri Apr 08 15:23:42 2011
steady

Fri Apr 08 15:23:42 2011
steady

Fri Apr 08 15:23:42 2011
steady

Fri Apr 08 15:23:43 2011
push

Fri Apr 08 15:23:46 2011
steady

Fri Apr 08 15:23:46 2011
steady

Fri Apr 08 15:23:47 2011
steady

Fri Apr 08 15:23:48 2011
steady

Fri Apr 08 15:23:54 2011
sessionstart

Fri Apr 08 15:23:54 2011
steady

Fri Apr 08 15:23:57 2011
push

Fri Apr 08 15:24:16 2011
steady

Fri Apr 08 15:24:16 2011
steady

Fri Apr 08 15:24:16 2011
steady

Fri Apr 08 15:24:16 2011
steady

Fri Apr 08 15:24:18 2011
steady

Fri Apr 08 15:24:18 2011
steady

Fri Apr 08 15:24:18 2011
steady

Fri Apr 08 15:24:19 2011
steady

Fri Apr 08 15:24:22 2011
push

Fri Apr 08 15:24:24 2011
push

Fri Apr 08 15:24:27 2011
steady

Fri Apr 08 15:24:28 2011
steady

Fri Apr 08 15:24:30 2011
steady

Fri Apr 08 15:24:30 2011
steady

Fri Apr 08 15:24:32 2011
steady

Fri Apr 08 15:24:32 2011
steady

Fri Apr 08 15:24:32 2011
steady

Fri Apr 08 15:24:33 2011
steady

Fri Apr 08 15:24:33 2011
steady

Fri Apr 08 15:24:33 2011
steady

Fri Apr 08 15:24:35 2011
push

Fri Apr 08 15:24:38 2011
steady

Fri Apr 08 15:24:38 2011
push

Fri Apr 08 15:24:39 2011
steady

Fri Apr 08 15:24:41 2011
sessionstart

Fri Apr 08 15:24:43 2011
push

Fri Apr 08 15:24:47 2011
steady

Fri Apr 08 15:24:47 2011
steady

Fri Apr 08 15:24:48 2011
steady

Fri Apr 08 15:24:48 2011
steady

Fri Apr 08 15:24:48 2011
steady

Fri Apr 08 15:24:49 2011
steady

Fri Apr 08 15:24:53 2011
push

Fri Apr 08 15:24:57 2011
steady

Fri Apr 08 15:24:57 2011
steady

Fri Apr 08 15:24:58 2011
push

Fri Apr 08 15:25:00 2011
steady

Fri Apr 08 15:25:00 2011
steady

Fri Apr 08 15:25:00 2011
steady

Fri Apr 08 15:25:00 2011
steady

Fri Apr 08 15:25:01 2011
steady

Fri Apr 08 15:25:01 2011
steady

Fri Apr 08 15:25:05 2011
steady

Fri Apr 08 15:25:05 2011
steady

Fri Apr 08 15:25:06 2011
steady

Fri Apr 08 15:25:08 2011
steady

Fri Apr 08 15:25:08 2011
steady

Fri Apr 08 15:25:08 2011
steady

Fri Apr 08 15:25:09 2011
steady

Fri Apr 08 15:25:09 2011
steady

Fri Apr 08 15:25:09 2011
steady

Fri Apr 08 15:25:10 2011
steady

Fri Apr 08 15:25:10 2011
steady

Fri Apr 08 15:25:10 2011
steady

Fri Apr 08 15:25:10 2011
steady

Fri Apr 08 15:25:11 2011
steady

Fri Apr 08 15:25:11 2011
steady

Fri Apr 08 15:25:13 2011
steady

Fri Apr 08 15:25:13 2011
steady

Fri Apr 08 15:25:14 2011
steady

Fri Apr 08 15:25:14 2011
steady

Fri Apr 08 15:25:14 2011
steady

Fri Apr 08 15:25:14 2011
steady

Fri Apr 08 15:25:15 2011
steady

Fri Apr 08 15:25:15 2011
steady

Fri Apr 08 15:25:15 2011
steady

Fri Apr 08 15:25:15 2011
steady

Fri Apr 08 15:25:16 2011
steady

Fri Apr 08 15:25:16 2011
steady

Fri Apr 08 15:25:16 2011
steady

Fri Apr 08 15:25:17 2011
steady

Fri Apr 08 15:25:19 2011
steady

Fri Apr 08 15:25:19 2011
steady

Fri Apr 08 15:25:20 2011
steady

Fri Apr 08 15:25:20 2011
steady

Fri Apr 08 15:25:20 2011
steady

Fri Apr 08 15:25:21 2011
steady

Fri Apr 08 15:25:21 2011
steady

Fri Apr 08 15:25:21 2011
steady

Fri Apr 08 15:25:22 2011
steady

Fri Apr 08 15:25:22 2011
steady

Fri Apr 08 15:25:22 2011
steady

Fri Apr 08 15:25:22 2011
steady

Fri Apr 08 15:25:24 2011
push

Fri Apr 08 15:25:26 2011
steady

Fri Apr 08 15:25:27 2011
steady

Fri Apr 08 15:25:28 2011
push

Fri Apr 08 15:25:30 2011
steady

Fri Apr 08 15:25:32 2011
push

Fri Apr 08 15:25:35 2011
push

Fri Apr 08 15:25:38 2011
steady

Fri Apr 08 15:25:38 2011
steady

Fri Apr 08 15:25:39 2011
steady

Fri Apr 08 15:25:40 2011
push

Fri Apr 08 15:25:43 2011
steady

Fri Apr 08 15:25:44 2011
steady

Fri Apr 08 15:25:45 2011
steady

Fri Apr 08 15:25:45 2011
push

Fri Apr 08 15:25:50 2011
push

Fri Apr 08 15:25:53 2011
push

Fri Apr 08 15:25:58 2011
steady

Fri Apr 08 15:25:59 2011
steady

Fri Apr 08 15:25:59 2011
push

Fri Apr 08 15:26:01 2011
push

Fri Apr 08 15:26:06 2011
steady

Fri Apr 08 15:26:08 2011
steady

Fri Apr 08 15:26:08 2011
steady

Fri Apr 08 15:26:08 2011
steady

Fri Apr 08 15:26:08 2011
steady

Fri Apr 08 15:26:09 2011
push

Fri Apr 08 15:26:13 2011
push

Fri Apr 08 15:26:15 2011
steady

Fri Apr 08 15:26:16 2011
steady

Fri Apr 08 15:26:17 2011
steady

Fri Apr 08 15:26:18 2011
push

Fri Apr 08 15:26:21 2011
push

Fri Apr 08 15:26:26 2011
steady

Fri Apr 08 15:26:27 2011
steady

Fri Apr 08 15:26:27 2011
steady

Fri Apr 08 15:26:28 2011
push

Fri Apr 08 15:26:39 2011
steady

Fri Apr 08 15:26:40 2011
push

Fri Apr 08 15:26:43 2011
push

Fri Apr 08 15:26:56 2011
sessionstart

Fri Apr 08 15:26:57 2011
steady

Fri Apr 08 15:26:57 2011
push

Fri Apr 08 15:26:58 2011
push

Fri Apr 08 15:27:05 2011
sessionstart

Fri Apr 08 15:27:06 2011
steady

Fri Apr 08 15:27:07 2011
steady

Fri Apr 08 15:27:07 2011
steady

Fri Apr 08 15:27:07 2011
steady

Fri Apr 08 15:27:07 2011
steady

Fri Apr 08 15:27:11 2011
sessionstart

Fri Apr 08 15:27:12 2011
steady

Fri Apr 08 15:27:12 2011
push

Fri Apr 08 15:27:17 2011
steady

Fri Apr 08 15:27:17 2011
steady

Fri Apr 08 15:27:17 2011
steady

Fri Apr 08 15:27:17 2011
steady

Fri Apr 08 15:27:18 2011
push

Fri Apr 08 15:27:25 2011
steady

Fri Apr 08 15:27:25 2011
steady

Fri Apr 08 15:27:26 2011
steady

Fri Apr 08 15:27:28 2011
steady

Fri Apr 08 15:27:28 2011
steady

Fri Apr 08 15:27:29 2011
steady

Fri Apr 08 15:27:29 2011
steady

Fri Apr 08 15:27:30 2011
steady

Fri Apr 08 15:27:33 2011
sessionstart

Fri Apr 08 15:27:33 2011
steady

Fri Apr 08 15:27:33 2011
steady

Fri Apr 08 15:27:34 2011
steady

Fri Apr 08 15:27:34 2011
steady

Fri Apr 08 15:27:36 2011
push

Fri Apr 08 15:27:40 2011
steady

Fri Apr 08 15:27:42 2011
steady

Fri Apr 08 15:27:42 2011
steady

Fri Apr 08 15:27:43 2011
steady

Fri Apr 08 15:27:44 2011
push

Fri Apr 08 15:27:50 2011
steady

Fri Apr 08 15:27:51 2011
push

Fri Apr 08 15:27:53 2011
steady

Fri Apr 08 15:27:53 2011
steady

Fri Apr 08 15:27:54 2011
steady

Fri Apr 08 15:27:56 2011
push

Fri Apr 08 15:28:00 2011
steady

Fri Apr 08 15:28:00 2011
steady

Fri Apr 08 15:28:00 2011
steady

Fri Apr 08 15:28:01 2011
steady

Fri Apr 08 15:28:02 2011
steady

Fri Apr 08 15:28:03 2011
steady

Fri Apr 08 15:28:03 2011
steady

Fri Apr 08 15:28:05 2011
push

Fri Apr 08 15:28:11 2011
steady

Fri Apr 08 15:28:11 2011
steady

Fri Apr 08 15:28:12 2011
steady

Fri Apr 08 15:28:12 2011
steady

Fri Apr 08 15:28:13 2011
steady

Fri Apr 08 15:28:14 2011
steady

Fri Apr 08 15:28:14 2011
steady

Fri Apr 08 15:28:14 2011
steady

Fri Apr 08 15:28:15 2011
push

Fri Apr 08 15:28:20 2011
push

Fri Apr 08 15:28:20 2011
push

Fri Apr 08 15:28:37 2011
sessionend

