Fri Apr 08 12:08:13 2011
sessionstart

Fri Apr 08 12:08:14 2011
steady

Fri Apr 08 12:08:15 2011
steady

Fri Apr 08 12:08:16 2011
steady

Fri Apr 08 12:08:16 2011
steady

Fri Apr 08 12:08:18 2011
steady

Fri Apr 08 12:08:19 2011
steady

Fri Apr 08 12:08:19 2011
steady

Fri Apr 08 12:08:19 2011
steady

Fri Apr 08 12:08:21 2011
steady

Fri Apr 08 12:08:26 2011
sessionstart

Fri Apr 08 12:08:27 2011
steady

Fri Apr 08 12:08:27 2011
steady

Fri Apr 08 12:08:27 2011
steady

Fri Apr 08 12:08:28 2011
steady

Fri Apr 08 12:08:28 2011
steady

Fri Apr 08 12:08:28 2011
steady

Fri Apr 08 12:08:28 2011
steady

Fri Apr 08 12:08:29 2011
steady

Fri Apr 08 12:08:29 2011
steady

Fri Apr 08 12:08:29 2011
steady

Fri Apr 08 12:08:29 2011
steady

Fri Apr 08 12:08:30 2011
steady

Fri Apr 08 12:08:30 2011
steady

Fri Apr 08 12:08:30 2011
steady

Fri Apr 08 12:08:31 2011
steady

Fri Apr 08 12:08:31 2011
steady

Fri Apr 08 12:08:31 2011
steady

Fri Apr 08 12:08:31 2011
steady

Fri Apr 08 12:08:32 2011
steady

Fri Apr 08 12:08:32 2011
steady

Fri Apr 08 12:08:32 2011
steady

Fri Apr 08 12:08:32 2011
steady

Fri Apr 08 12:08:33 2011
steady

Fri Apr 08 12:08:33 2011
steady

Fri Apr 08 12:08:37 2011
sessionstart

Fri Apr 08 12:08:38 2011
steady

Fri Apr 08 12:08:38 2011
steady

Fri Apr 08 12:08:38 2011
steady

Fri Apr 08 12:08:38 2011
steady

Fri Apr 08 12:08:39 2011
steady

Fri Apr 08 12:08:39 2011
steady

Fri Apr 08 12:08:39 2011
steady

Fri Apr 08 12:08:39 2011
steady

Fri Apr 08 12:08:39 2011
steady

Fri Apr 08 12:08:40 2011
steady

Fri Apr 08 12:08:40 2011
steady

Fri Apr 08 12:08:40 2011
steady

Fri Apr 08 12:08:40 2011
steady

Fri Apr 08 12:08:41 2011
steady

Fri Apr 08 12:08:41 2011
steady

Fri Apr 08 12:08:41 2011
steady

Fri Apr 08 12:08:41 2011
steady

Fri Apr 08 12:08:42 2011
steady

Fri Apr 08 12:08:42 2011
steady

Fri Apr 08 12:08:42 2011
steady

Fri Apr 08 12:08:44 2011
steady

Fri Apr 08 12:08:44 2011
steady

Fri Apr 08 12:08:44 2011
steady

Fri Apr 08 12:08:45 2011
steady

Fri Apr 08 12:08:45 2011
steady

Fri Apr 08 12:08:45 2011
steady

Fri Apr 08 12:08:47 2011
steady

Fri Apr 08 12:08:47 2011
steady

Fri Apr 08 12:08:47 2011
steady

Fri Apr 08 12:08:47 2011
steady

Fri Apr 08 12:08:48 2011
steady

Fri Apr 08 12:08:48 2011
steady

Fri Apr 08 12:08:48 2011
steady

Fri Apr 08 12:08:48 2011
steady

Fri Apr 08 12:08:50 2011
steady

Fri Apr 08 12:08:50 2011
steady

Fri Apr 08 12:08:51 2011
steady

Fri Apr 08 12:08:52 2011
steady

Fri Apr 08 12:08:52 2011
steady

Fri Apr 08 12:08:52 2011
steady

Fri Apr 08 12:08:52 2011
steady

Fri Apr 08 12:08:53 2011
steady

Fri Apr 08 12:08:53 2011
steady

Fri Apr 08 12:08:53 2011
steady

Fri Apr 08 12:08:56 2011
steady

Fri Apr 08 12:08:57 2011
steady

Fri Apr 08 12:08:57 2011
steady

Fri Apr 08 12:08:57 2011
steady

Fri Apr 08 12:08:58 2011
steady

Fri Apr 08 12:08:59 2011
steady

Fri Apr 08 12:08:59 2011
steady

Fri Apr 08 12:08:59 2011
push

Fri Apr 08 12:09:03 2011
steady

Fri Apr 08 12:09:06 2011
steady

Fri Apr 08 12:09:07 2011
steady

Fri Apr 08 12:09:07 2011
steady

Fri Apr 08 12:09:07 2011
steady

Fri Apr 08 12:09:07 2011
steady

Fri Apr 08 12:09:08 2011
steady

Fri Apr 08 12:09:08 2011
steady

Fri Apr 08 12:09:08 2011
steady

Fri Apr 08 12:09:08 2011
steady

Fri Apr 08 12:09:09 2011
steady

Fri Apr 08 12:09:09 2011
steady

Fri Apr 08 12:09:09 2011
steady

Fri Apr 08 12:09:10 2011
steady

Fri Apr 08 12:09:11 2011
steady

Fri Apr 08 12:09:13 2011
steady

Fri Apr 08 12:09:13 2011
push

Fri Apr 08 12:09:16 2011
steady

Fri Apr 08 12:09:17 2011
steady

Fri Apr 08 12:09:18 2011
steady

Fri Apr 08 12:09:18 2011
steady

Fri Apr 08 12:09:20 2011
steady

Fri Apr 08 12:09:20 2011
steady

Fri Apr 08 12:09:22 2011
push

Fri Apr 08 12:09:26 2011
push

Fri Apr 08 12:09:28 2011
steady

Fri Apr 08 12:09:28 2011
steady

Fri Apr 08 12:09:29 2011
steady

Fri Apr 08 12:09:29 2011
push

Fri Apr 08 12:09:33 2011
steady

Fri Apr 08 12:09:33 2011
steady

Fri Apr 08 12:09:36 2011
push

Fri Apr 08 12:09:37 2011
steady

Fri Apr 08 12:09:38 2011
steady

Fri Apr 08 12:09:38 2011
steady

Fri Apr 08 12:09:40 2011
steady

Fri Apr 08 12:09:40 2011
steady

Fri Apr 08 12:09:42 2011
push

Fri Apr 08 12:09:44 2011
push

Fri Apr 08 12:09:47 2011
push

Fri Apr 08 12:09:48 2011
steady

Fri Apr 08 12:09:51 2011
steady

Fri Apr 08 12:09:52 2011
steady

Fri Apr 08 12:09:53 2011
steady

Fri Apr 08 12:09:53 2011
steady

Fri Apr 08 12:09:53 2011
steady

Fri Apr 08 12:09:55 2011
steady

Fri Apr 08 12:09:55 2011
steady

Fri Apr 08 12:09:56 2011
steady

Fri Apr 08 12:09:57 2011
steady

Fri Apr 08 12:09:57 2011
steady

Fri Apr 08 12:09:58 2011
steady

Fri Apr 08 12:09:58 2011
steady

Fri Apr 08 12:09:58 2011
steady

Fri Apr 08 12:09:58 2011
steady

Fri Apr 08 12:09:59 2011
push

Fri Apr 08 12:10:12 2011
steady

Fri Apr 08 12:10:17 2011
steady

Fri Apr 08 12:10:17 2011
push

Fri Apr 08 12:10:26 2011
steady

Fri Apr 08 12:10:27 2011
steady

Fri Apr 08 12:10:27 2011
steady

Fri Apr 08 12:10:27 2011
steady

Fri Apr 08 12:10:28 2011
steady

Fri Apr 08 12:10:28 2011
steady

Fri Apr 08 12:10:28 2011
steady

Fri Apr 08 12:10:28 2011
steady

Fri Apr 08 12:10:28 2011
steady

Fri Apr 08 12:10:29 2011
steady

Fri Apr 08 12:10:29 2011
steady

Fri Apr 08 12:10:33 2011
steady

Fri Apr 08 12:10:33 2011
steady

Fri Apr 08 12:10:33 2011
steady

Fri Apr 08 12:10:34 2011
steady

Fri Apr 08 12:10:36 2011
steady

Fri Apr 08 12:10:37 2011
steady

Fri Apr 08 12:10:39 2011
steady

Fri Apr 08 12:10:39 2011
steady

Fri Apr 08 12:10:40 2011
steady

Fri Apr 08 12:10:40 2011
steady

Fri Apr 08 12:10:40 2011
push

Fri Apr 08 12:10:44 2011
steady

Fri Apr 08 12:10:45 2011
steady

Fri Apr 08 12:10:46 2011
steady

Fri Apr 08 12:10:48 2011
steady

Fri Apr 08 12:10:52 2011
sessionstart

Fri Apr 08 12:10:53 2011
steady

Fri Apr 08 12:10:53 2011
steady

Fri Apr 08 12:10:53 2011
steady

Fri Apr 08 12:10:54 2011
steady

Fri Apr 08 12:10:55 2011
steady

Fri Apr 08 12:10:55 2011
steady

Fri Apr 08 12:10:58 2011
steady

Fri Apr 08 12:11:02 2011
steady

Fri Apr 08 12:11:04 2011
steady

Fri Apr 08 12:11:05 2011
steady

Fri Apr 08 12:11:05 2011
steady

Fri Apr 08 12:11:05 2011
steady

Fri Apr 08 12:11:06 2011
steady

Fri Apr 08 12:11:06 2011
steady

Fri Apr 08 12:11:06 2011
steady

Fri Apr 08 12:11:07 2011
steady

Fri Apr 08 12:11:11 2011
sessionstart

Fri Apr 08 12:11:13 2011
steady

Fri Apr 08 12:11:14 2011
steady

Fri Apr 08 12:11:26 2011
sessionstart

Fri Apr 08 12:11:27 2011
steady

Fri Apr 08 12:11:29 2011
steady

Fri Apr 08 12:11:29 2011
steady

Fri Apr 08 12:11:29 2011
steady

Fri Apr 08 12:11:30 2011
steady

Fri Apr 08 12:11:30 2011
steady

Fri Apr 08 12:11:30 2011
steady

Fri Apr 08 12:11:30 2011
steady

Fri Apr 08 12:11:36 2011
steady

Fri Apr 08 12:11:37 2011
steady

Fri Apr 08 12:11:38 2011
steady

Fri Apr 08 12:11:38 2011
steady

Fri Apr 08 12:11:38 2011
steady

Fri Apr 08 12:11:39 2011
steady

Fri Apr 08 12:11:40 2011
push

Fri Apr 08 12:11:47 2011
steady

Fri Apr 08 12:11:47 2011
push

Fri Apr 08 12:11:55 2011
sessionstart

Fri Apr 08 12:11:59 2011
sessionstart

Fri Apr 08 12:12:00 2011
steady

Fri Apr 08 12:12:01 2011
steady

Fri Apr 08 12:12:01 2011
steady

Fri Apr 08 12:12:01 2011
steady

Fri Apr 08 12:12:02 2011
steady

Fri Apr 08 12:12:05 2011
steady

Fri Apr 08 12:12:05 2011
push

Fri Apr 08 12:12:08 2011
push

Fri Apr 08 12:12:18 2011
steady

Fri Apr 08 12:12:19 2011
push

Fri Apr 08 12:12:21 2011
steady

Fri Apr 08 12:12:22 2011
steady

Fri Apr 08 12:12:22 2011
push

Fri Apr 08 12:12:26 2011
steady

Fri Apr 08 12:12:27 2011
push

Fri Apr 08 12:12:29 2011
steady

Fri Apr 08 12:12:29 2011
steady

Fri Apr 08 12:12:30 2011
steady

Fri Apr 08 12:12:30 2011
steady

Fri Apr 08 12:12:30 2011
steady

Fri Apr 08 12:12:31 2011
steady

Fri Apr 08 12:12:31 2011
steady

Fri Apr 08 12:12:34 2011
steady

Fri Apr 08 12:12:37 2011
steady

Fri Apr 08 12:12:40 2011
push

Fri Apr 08 12:12:44 2011
push

Fri Apr 08 12:12:48 2011
push

Fri Apr 08 12:12:53 2011
push

Fri Apr 08 12:12:59 2011
steady

Fri Apr 08 12:13:00 2011
steady

Fri Apr 08 12:13:02 2011
push

Fri Apr 08 12:13:05 2011
push

Fri Apr 08 12:13:07 2011
steady

Fri Apr 08 12:13:23 2011
sessionend

