Fri Apr 08 12:42:26 2011
sessionstart

Fri Apr 08 12:42:28 2011
steady

Fri Apr 08 12:42:29 2011
steady

Fri Apr 08 12:42:29 2011
steady

Fri Apr 08 12:42:29 2011
steady

Fri Apr 08 12:42:29 2011
steady

Fri Apr 08 12:42:30 2011
steady

Fri Apr 08 12:42:30 2011
steady

Fri Apr 08 12:42:30 2011
steady

Fri Apr 08 12:42:34 2011
steady

Fri Apr 08 12:42:34 2011
steady

Fri Apr 08 12:42:34 2011
steady

Fri Apr 08 12:42:35 2011
steady

Fri Apr 08 12:42:35 2011
steady

Fri Apr 08 12:42:36 2011
steady

Fri Apr 08 12:42:36 2011
steady

Fri Apr 08 12:42:36 2011
steady

Fri Apr 08 12:42:36 2011
steady

Fri Apr 08 12:42:37 2011
steady

Fri Apr 08 12:42:37 2011
steady

Fri Apr 08 12:42:37 2011
steady

Fri Apr 08 12:42:37 2011
steady

Fri Apr 08 12:42:38 2011
steady

Fri Apr 08 12:42:38 2011
steady

Fri Apr 08 12:42:38 2011
steady

Fri Apr 08 12:42:38 2011
steady

Fri Apr 08 12:42:39 2011
steady

Fri Apr 08 12:42:39 2011
steady

Fri Apr 08 12:42:39 2011
steady

Fri Apr 08 12:42:40 2011
steady

Fri Apr 08 12:42:40 2011
steady

Fri Apr 08 12:42:40 2011
steady

Fri Apr 08 12:42:40 2011
steady

Fri Apr 08 12:42:41 2011
steady

Fri Apr 08 12:42:41 2011
steady

Fri Apr 08 12:42:41 2011
steady

Fri Apr 08 12:42:41 2011
steady

Fri Apr 08 12:42:41 2011
steady

Fri Apr 08 12:42:42 2011
steady

Fri Apr 08 12:42:42 2011
steady

Fri Apr 08 12:42:42 2011
steady

Fri Apr 08 12:42:42 2011
steady

Fri Apr 08 12:42:43 2011
steady

Fri Apr 08 12:42:43 2011
steady

Fri Apr 08 12:42:43 2011
steady

Fri Apr 08 12:42:44 2011
steady

Fri Apr 08 12:42:44 2011
steady

Fri Apr 08 12:42:44 2011
steady

Fri Apr 08 12:42:46 2011
push

Fri Apr 08 12:42:51 2011
steady

Fri Apr 08 12:42:51 2011
steady

Fri Apr 08 12:42:52 2011
steady

Fri Apr 08 12:42:52 2011
steady

Fri Apr 08 12:42:52 2011
steady

Fri Apr 08 12:42:52 2011
steady

Fri Apr 08 12:42:53 2011
steady

Fri Apr 08 12:42:53 2011
steady

Fri Apr 08 12:42:53 2011
steady

Fri Apr 08 12:42:54 2011
steady

Fri Apr 08 12:42:54 2011
steady

Fri Apr 08 12:42:54 2011
steady

Fri Apr 08 12:42:55 2011
push

Fri Apr 08 12:42:56 2011
push

Fri Apr 08 12:42:57 2011
push

Fri Apr 08 12:43:01 2011
steady

Fri Apr 08 12:43:03 2011
steady

Fri Apr 08 12:43:04 2011
steady

Fri Apr 08 12:43:04 2011
steady

Fri Apr 08 12:43:05 2011
push

Fri Apr 08 12:43:06 2011
push

Fri Apr 08 12:43:09 2011
steady

Fri Apr 08 12:43:09 2011
steady

Fri Apr 08 12:43:09 2011
steady

Fri Apr 08 12:43:09 2011
steady

Fri Apr 08 12:43:10 2011
steady

Fri Apr 08 12:43:10 2011
steady

Fri Apr 08 12:43:10 2011
steady

Fri Apr 08 12:43:10 2011
steady

Fri Apr 08 12:43:10 2011
steady

Fri Apr 08 12:43:13 2011
push

Fri Apr 08 12:43:14 2011
push

Fri Apr 08 12:43:15 2011
push

Fri Apr 08 12:43:17 2011
push

Fri Apr 08 12:43:18 2011
steady

Fri Apr 08 12:43:19 2011
push

Fri Apr 08 12:43:25 2011
steady

Fri Apr 08 12:43:25 2011
steady

Fri Apr 08 12:43:28 2011
steady

Fri Apr 08 12:43:29 2011
push

Fri Apr 08 12:43:30 2011
push

Fri Apr 08 12:43:32 2011
steady

Fri Apr 08 12:43:33 2011
push

Fri Apr 08 12:43:35 2011
push

Fri Apr 08 12:43:39 2011
steady

Fri Apr 08 12:43:40 2011
push

Fri Apr 08 12:43:42 2011
steady

Fri Apr 08 12:43:42 2011
steady

Fri Apr 08 12:43:43 2011
steady

Fri Apr 08 12:43:45 2011
steady

Fri Apr 08 12:43:45 2011
steady

Fri Apr 08 12:43:46 2011
steady

Fri Apr 08 12:43:46 2011
steady

Fri Apr 08 12:43:46 2011
steady

Fri Apr 08 12:43:48 2011
steady

Fri Apr 08 12:43:48 2011
steady

Fri Apr 08 12:43:50 2011
steady

Fri Apr 08 12:43:50 2011
steady

Fri Apr 08 12:43:51 2011
steady

Fri Apr 08 12:43:51 2011
steady

Fri Apr 08 12:43:52 2011
steady

Fri Apr 08 12:43:53 2011
steady

Fri Apr 08 12:43:53 2011
steady

Fri Apr 08 12:43:53 2011
steady

Fri Apr 08 12:43:53 2011
steady

Fri Apr 08 12:43:54 2011
steady

Fri Apr 08 12:43:54 2011
steady

Fri Apr 08 12:43:54 2011
steady

Fri Apr 08 12:43:54 2011
steady

Fri Apr 08 12:43:55 2011
steady

Fri Apr 08 12:43:55 2011
steady

Fri Apr 08 12:43:56 2011
steady

Fri Apr 08 12:43:56 2011
steady

Fri Apr 08 12:43:56 2011
steady

Fri Apr 08 12:43:57 2011
steady

Fri Apr 08 12:43:57 2011
steady

Fri Apr 08 12:43:59 2011
push

Fri Apr 08 12:44:04 2011
push

Fri Apr 08 12:44:05 2011
steady

Fri Apr 08 12:44:06 2011
steady

Fri Apr 08 12:44:07 2011
push

Fri Apr 08 12:44:08 2011
push

Fri Apr 08 12:44:13 2011
steady

Fri Apr 08 12:44:14 2011
steady

Fri Apr 08 12:44:15 2011
steady

Fri Apr 08 12:44:17 2011
steady

Fri Apr 08 12:44:17 2011
steady

Fri Apr 08 12:44:19 2011
steady

Fri Apr 08 12:44:19 2011
push

Fri Apr 08 12:44:20 2011
steady

Fri Apr 08 12:44:22 2011
steady

Fri Apr 08 12:44:23 2011
steady

Fri Apr 08 12:44:23 2011
steady

Fri Apr 08 12:44:23 2011
steady

Fri Apr 08 12:44:24 2011
steady

Fri Apr 08 12:44:24 2011
steady

Fri Apr 08 12:44:24 2011
steady

Fri Apr 08 12:44:25 2011
steady

Fri Apr 08 12:44:25 2011
steady

Fri Apr 08 12:44:25 2011
steady

Fri Apr 08 12:44:25 2011
steady

Fri Apr 08 12:44:26 2011
steady

Fri Apr 08 12:44:26 2011
steady

Fri Apr 08 12:44:26 2011
steady

Fri Apr 08 12:44:26 2011
steady

Fri Apr 08 12:44:27 2011
steady

Fri Apr 08 12:44:27 2011
steady

Fri Apr 08 12:44:27 2011
steady

Fri Apr 08 12:44:27 2011
steady

Fri Apr 08 12:44:28 2011
steady

Fri Apr 08 12:44:28 2011
steady

Fri Apr 08 12:44:29 2011
steady

Fri Apr 08 12:44:29 2011
steady

Fri Apr 08 12:44:29 2011
steady

Fri Apr 08 12:44:29 2011
steady

Fri Apr 08 12:44:30 2011
steady

Fri Apr 08 12:44:30 2011
steady

Fri Apr 08 12:44:30 2011
steady

Fri Apr 08 12:44:30 2011
steady

Fri Apr 08 12:44:31 2011
steady

Fri Apr 08 12:44:31 2011
steady

Fri Apr 08 12:44:31 2011
steady

Fri Apr 08 12:44:31 2011
steady

Fri Apr 08 12:44:32 2011
steady

Fri Apr 08 12:44:32 2011
steady

Fri Apr 08 12:44:32 2011
steady

Fri Apr 08 12:44:32 2011
steady

Fri Apr 08 12:44:33 2011
steady

Fri Apr 08 12:44:33 2011
steady

Fri Apr 08 12:44:33 2011
steady

Fri Apr 08 12:44:34 2011
steady

Fri Apr 08 12:44:34 2011
steady

Fri Apr 08 12:44:34 2011
steady

Fri Apr 08 12:44:34 2011
steady

Fri Apr 08 12:44:34 2011
steady

Fri Apr 08 12:44:35 2011
steady

Fri Apr 08 12:44:35 2011
steady

Fri Apr 08 12:44:35 2011
steady

Fri Apr 08 12:44:35 2011
steady

Fri Apr 08 12:44:36 2011
steady

Fri Apr 08 12:44:36 2011
steady

Fri Apr 08 12:44:36 2011
steady

Fri Apr 08 12:44:36 2011
steady

Fri Apr 08 12:44:41 2011
steady

Fri Apr 08 12:44:43 2011
steady

Fri Apr 08 12:44:44 2011
steady

Fri Apr 08 12:44:45 2011
steady

Fri Apr 08 12:44:45 2011
steady

Fri Apr 08 12:44:45 2011
steady

Fri Apr 08 12:44:46 2011
steady

Fri Apr 08 12:44:46 2011
steady

Fri Apr 08 12:44:48 2011
steady

Fri Apr 08 12:44:49 2011
steady

Fri Apr 08 12:44:49 2011
steady

Fri Apr 08 12:44:50 2011
steady

Fri Apr 08 12:44:50 2011
steady

Fri Apr 08 12:44:50 2011
steady

Fri Apr 08 12:44:51 2011
steady

Fri Apr 08 12:44:51 2011
steady

Fri Apr 08 12:44:51 2011
steady

Fri Apr 08 12:44:56 2011
steady

Fri Apr 08 12:44:57 2011
steady

Fri Apr 08 12:44:57 2011
steady

Fri Apr 08 12:45:00 2011
steady

Fri Apr 08 12:45:02 2011
steady

Fri Apr 08 12:45:03 2011
steady

Fri Apr 08 12:45:05 2011
steady

Fri Apr 08 12:45:06 2011
steady

Fri Apr 08 12:45:07 2011
steady

Fri Apr 08 12:45:08 2011
steady

Fri Apr 08 12:45:08 2011
steady

Fri Apr 08 12:45:09 2011
push

Fri Apr 08 12:45:13 2011
sessionstart

Fri Apr 08 12:45:14 2011
steady

Fri Apr 08 12:45:14 2011
steady

Fri Apr 08 12:45:14 2011
steady

Fri Apr 08 12:45:15 2011
steady

Fri Apr 08 12:45:15 2011
steady

Fri Apr 08 12:45:15 2011
steady

Fri Apr 08 12:45:16 2011
steady

Fri Apr 08 12:45:17 2011
steady

Fri Apr 08 12:45:18 2011
steady

Fri Apr 08 12:45:18 2011
steady

Fri Apr 08 12:45:18 2011
steady

Fri Apr 08 12:45:19 2011
steady

Fri Apr 08 12:45:19 2011
steady

Fri Apr 08 12:45:19 2011
steady

Fri Apr 08 12:45:19 2011
steady

Fri Apr 08 12:45:20 2011
steady

Fri Apr 08 12:45:20 2011
steady

Fri Apr 08 12:45:20 2011
steady

Fri Apr 08 12:45:20 2011
steady

Fri Apr 08 12:45:21 2011
steady

Fri Apr 08 12:45:21 2011
steady

Fri Apr 08 12:45:21 2011
steady

Fri Apr 08 12:45:21 2011
steady

Fri Apr 08 12:45:22 2011
steady

Fri Apr 08 12:45:22 2011
steady

Fri Apr 08 12:45:22 2011
steady

Fri Apr 08 12:45:22 2011
steady

Fri Apr 08 12:45:23 2011
steady

Fri Apr 08 12:45:23 2011
steady

Fri Apr 08 12:45:23 2011
steady

Fri Apr 08 12:45:24 2011
steady

Fri Apr 08 12:45:24 2011
steady

Fri Apr 08 12:45:24 2011
steady

Fri Apr 08 12:45:25 2011
push

Fri Apr 08 12:45:28 2011
sessionstart

Fri Apr 08 12:45:31 2011
push

Fri Apr 08 12:45:34 2011
steady

Fri Apr 08 12:45:35 2011
steady

Fri Apr 08 12:45:36 2011
push

Fri Apr 08 12:45:37 2011
steady

Fri Apr 08 12:45:41 2011
steady

Fri Apr 08 12:45:41 2011
steady

Fri Apr 08 12:45:42 2011
steady

Fri Apr 08 12:45:42 2011
steady

Fri Apr 08 12:45:42 2011
steady

Fri Apr 08 12:45:43 2011
steady

Fri Apr 08 12:45:43 2011
steady

Fri Apr 08 12:45:43 2011
steady

Fri Apr 08 12:45:43 2011
steady

Fri Apr 08 12:45:44 2011
steady

Fri Apr 08 12:45:44 2011
steady

Fri Apr 08 12:45:44 2011
steady

Fri Apr 08 12:45:44 2011
steady

Fri Apr 08 12:45:45 2011
steady

Fri Apr 08 12:45:50 2011
steady

Fri Apr 08 12:45:53 2011
steady

Fri Apr 08 12:45:54 2011
steady

Fri Apr 08 12:45:55 2011
steady

Fri Apr 08 12:45:55 2011
steady

Fri Apr 08 12:45:57 2011
steady

Fri Apr 08 12:45:57 2011
steady

Fri Apr 08 12:46:07 2011
push

Fri Apr 08 12:46:12 2011
steady

Fri Apr 08 12:46:13 2011
steady

Fri Apr 08 12:46:13 2011
steady

Fri Apr 08 12:46:15 2011
steady

Fri Apr 08 12:46:16 2011
steady

Fri Apr 08 12:46:20 2011
sessionstart

Fri Apr 08 12:46:23 2011
steady

Fri Apr 08 12:46:26 2011
push

Fri Apr 08 12:46:27 2011
steady

Fri Apr 08 12:46:28 2011
steady

Fri Apr 08 12:46:29 2011
steady

Fri Apr 08 12:46:30 2011
push

Fri Apr 08 12:46:31 2011
steady

Fri Apr 08 12:46:32 2011
steady

Fri Apr 08 12:46:33 2011
steady

Fri Apr 08 12:46:33 2011
steady

Fri Apr 08 12:46:33 2011
steady

Fri Apr 08 12:46:33 2011
steady

Fri Apr 08 12:46:35 2011
push

Fri Apr 08 12:46:37 2011
steady

Fri Apr 08 12:46:38 2011
steady

Fri Apr 08 12:46:38 2011
push

Fri Apr 08 12:46:40 2011
steady

Fri Apr 08 12:46:41 2011
steady

Fri Apr 08 12:46:41 2011
steady

Fri Apr 08 12:46:41 2011
steady

Fri Apr 08 12:46:43 2011
push

Fri Apr 08 12:46:47 2011
push

Fri Apr 08 12:46:52 2011
push

Fri Apr 08 12:46:55 2011
steady

Fri Apr 08 12:46:55 2011
steady

Fri Apr 08 12:46:56 2011
steady

Fri Apr 08 12:46:56 2011
steady

Fri Apr 08 12:46:57 2011
steady

Fri Apr 08 12:46:57 2011
steady

Fri Apr 08 12:46:57 2011
steady

Fri Apr 08 12:46:57 2011
steady

Fri Apr 08 12:46:58 2011
steady

Fri Apr 08 12:46:58 2011
steady

Fri Apr 08 12:46:58 2011
steady

Fri Apr 08 12:46:59 2011
steady

Fri Apr 08 12:47:04 2011
steady

Fri Apr 08 12:47:04 2011
push

Fri Apr 08 12:47:07 2011
push

Fri Apr 08 12:47:09 2011
sessionstart

Fri Apr 08 12:47:10 2011
push

Fri Apr 08 12:47:12 2011
sessionstart

Fri Apr 08 12:47:13 2011
push

Fri Apr 08 12:47:15 2011
sessionstart

Fri Apr 08 12:47:15 2011
push

Fri Apr 08 12:47:17 2011
steady

Fri Apr 08 12:47:17 2011
steady

Fri Apr 08 12:47:17 2011
steady

Fri Apr 08 12:47:17 2011
steady

Fri Apr 08 12:47:17 2011
steady

Fri Apr 08 12:47:18 2011
steady

Fri Apr 08 12:47:18 2011
steady

Fri Apr 08 12:47:21 2011
sessionstart

Fri Apr 08 12:47:26 2011
steady

Fri Apr 08 12:47:27 2011
steady

Fri Apr 08 12:47:27 2011
steady

Fri Apr 08 12:47:27 2011
steady

Fri Apr 08 12:47:30 2011
steady

Fri Apr 08 12:47:30 2011
steady

Fri Apr 08 12:47:30 2011
steady

Fri Apr 08 12:47:30 2011
steady

Fri Apr 08 12:47:31 2011
steady

Fri Apr 08 12:47:31 2011
steady

Fri Apr 08 12:47:31 2011
steady

Fri Apr 08 12:47:31 2011
steady

Fri Apr 08 12:47:32 2011
steady

Fri Apr 08 12:47:32 2011
steady

Fri Apr 08 12:47:32 2011
steady

Fri Apr 08 12:47:35 2011
sessionstart

Fri Apr 08 12:47:36 2011
steady

Fri Apr 08 12:47:38 2011
steady

Fri Apr 08 12:47:45 2011
sessionstart

Fri Apr 08 12:47:47 2011
steady

Fri Apr 08 12:47:47 2011
steady

Fri Apr 08 12:47:49 2011
steady

Fri Apr 08 12:47:49 2011
steady

Fri Apr 08 12:47:51 2011
steady

Fri Apr 08 12:47:56 2011
steady

Fri Apr 08 12:47:59 2011
steady

Fri Apr 08 12:48:00 2011
steady

Fri Apr 08 12:48:00 2011
steady

Fri Apr 08 12:48:00 2011
steady

Fri Apr 08 12:48:00 2011
steady

Fri Apr 08 12:48:01 2011
steady

Fri Apr 08 12:48:01 2011
steady

Fri Apr 08 12:48:01 2011
steady

Fri Apr 08 12:48:06 2011
steady

Fri Apr 08 12:48:06 2011
steady

Fri Apr 08 12:48:07 2011
push

Fri Apr 08 12:48:11 2011
push

Fri Apr 08 12:48:15 2011
steady

Fri Apr 08 12:48:16 2011
push

Fri Apr 08 12:48:20 2011
sessionstart

Fri Apr 08 12:48:22 2011
push

Fri Apr 08 12:48:23 2011
steady

Fri Apr 08 12:48:24 2011
steady

Fri Apr 08 12:48:25 2011
push

Fri Apr 08 12:48:26 2011
steady

Fri Apr 08 12:48:28 2011
steady

Fri Apr 08 12:48:28 2011
steady

Fri Apr 08 12:48:28 2011
steady

Fri Apr 08 12:48:28 2011
steady

Fri Apr 08 12:48:29 2011
steady

Fri Apr 08 12:48:29 2011
steady

Fri Apr 08 12:48:29 2011
steady

Fri Apr 08 12:48:30 2011
steady

Fri Apr 08 12:48:31 2011
steady

Fri Apr 08 12:48:32 2011
steady

Fri Apr 08 12:48:33 2011
steady

Fri Apr 08 12:48:33 2011
steady

Fri Apr 08 12:48:33 2011
steady

Fri Apr 08 12:48:33 2011
steady

Fri Apr 08 12:48:34 2011
steady

Fri Apr 08 12:48:34 2011
steady

Fri Apr 08 12:48:34 2011
steady

Fri Apr 08 12:48:34 2011
steady

Fri Apr 08 12:48:35 2011
steady

Fri Apr 08 12:48:35 2011
steady

Fri Apr 08 12:48:35 2011
steady

Fri Apr 08 12:48:36 2011
steady

Fri Apr 08 12:48:36 2011
steady

Fri Apr 08 12:48:36 2011
steady

Fri Apr 08 12:48:36 2011
steady

Fri Apr 08 12:48:37 2011
steady

Fri Apr 08 12:48:37 2011
steady

Fri Apr 08 12:48:37 2011
steady

Fri Apr 08 12:48:37 2011
steady

Fri Apr 08 12:48:38 2011
steady

Fri Apr 08 12:48:38 2011
steady

Fri Apr 08 12:48:38 2011
steady

Fri Apr 08 12:48:39 2011
steady

Fri Apr 08 12:48:39 2011
steady

Fri Apr 08 12:48:39 2011
steady

Fri Apr 08 12:48:41 2011
steady

Fri Apr 08 12:48:42 2011
steady

Fri Apr 08 12:48:42 2011
steady

Fri Apr 08 12:48:46 2011
push

Fri Apr 08 12:48:48 2011
steady

Fri Apr 08 12:48:50 2011
push

Fri Apr 08 12:48:51 2011
push

Fri Apr 08 12:49:07 2011
sessionend

