Fri Apr 08 12:30:41 2011
sessionstart

Fri Apr 08 12:30:42 2011
steady

Fri Apr 08 12:30:42 2011
steady

Fri Apr 08 12:30:42 2011
steady

Fri Apr 08 12:30:42 2011
steady

Fri Apr 08 12:30:43 2011
steady

Fri Apr 08 12:30:43 2011
steady

Fri Apr 08 12:30:43 2011
steady

Fri Apr 08 12:30:43 2011
steady

Fri Apr 08 12:30:44 2011
steady

Fri Apr 08 12:30:44 2011
steady

Fri Apr 08 12:30:44 2011
steady

Fri Apr 08 12:30:44 2011
steady

Fri Apr 08 12:30:44 2011
steady

Fri Apr 08 12:30:45 2011
steady

Fri Apr 08 12:30:45 2011
steady

Fri Apr 08 12:30:45 2011
steady

Fri Apr 08 12:30:46 2011
steady

Fri Apr 08 12:30:46 2011
steady

Fri Apr 08 12:30:46 2011
steady

Fri Apr 08 12:30:47 2011
steady

Fri Apr 08 12:30:47 2011
steady

Fri Apr 08 12:30:47 2011
steady

Fri Apr 08 12:30:47 2011
steady

Fri Apr 08 12:30:48 2011
steady

Fri Apr 08 12:30:49 2011
steady

Fri Apr 08 12:30:49 2011
steady

Fri Apr 08 12:30:51 2011
steady

Fri Apr 08 12:30:51 2011
steady

Fri Apr 08 12:30:52 2011
steady

Fri Apr 08 12:30:52 2011
steady

Fri Apr 08 12:30:52 2011
steady

Fri Apr 08 12:30:52 2011
steady

Fri Apr 08 12:30:53 2011
steady

Fri Apr 08 12:30:53 2011
steady

Fri Apr 08 12:30:53 2011
steady

Fri Apr 08 12:30:53 2011
steady

Fri Apr 08 12:30:53 2011
steady

Fri Apr 08 12:30:54 2011
steady

Fri Apr 08 12:30:54 2011
steady

Fri Apr 08 12:30:54 2011
steady

Fri Apr 08 12:30:54 2011
steady

Fri Apr 08 12:30:55 2011
steady

Fri Apr 08 12:30:55 2011
steady

Fri Apr 08 12:30:55 2011
steady

Fri Apr 08 12:30:55 2011
steady

Fri Apr 08 12:30:56 2011
steady

Fri Apr 08 12:30:56 2011
steady

Fri Apr 08 12:30:58 2011
steady

Fri Apr 08 12:30:58 2011
steady

Fri Apr 08 12:30:59 2011
steady

Fri Apr 08 12:31:00 2011
push

Fri Apr 08 12:31:01 2011
steady

Fri Apr 08 12:31:03 2011
steady

Fri Apr 08 12:31:03 2011
steady

Fri Apr 08 12:31:03 2011
steady

Fri Apr 08 12:31:04 2011
steady

Fri Apr 08 12:31:06 2011
steady

Fri Apr 08 12:31:06 2011
steady

Fri Apr 08 12:31:06 2011
steady

Fri Apr 08 12:31:07 2011
steady

Fri Apr 08 12:31:07 2011
steady

Fri Apr 08 12:31:07 2011
steady

Fri Apr 08 12:31:07 2011
steady

Fri Apr 08 12:31:08 2011
steady

Fri Apr 08 12:31:10 2011
steady

Fri Apr 08 12:31:10 2011
steady

Fri Apr 08 12:31:11 2011
steady

Fri Apr 08 12:31:11 2011
steady

Fri Apr 08 12:31:11 2011
steady

Fri Apr 08 12:31:13 2011
steady

Fri Apr 08 12:31:13 2011
steady

Fri Apr 08 12:31:13 2011
steady

Fri Apr 08 12:31:15 2011
steady

Fri Apr 08 12:31:16 2011
steady

Fri Apr 08 12:31:17 2011
steady

Fri Apr 08 12:31:17 2011
steady

Fri Apr 08 12:31:23 2011
sessionstart

Fri Apr 08 12:31:24 2011
steady

Fri Apr 08 12:31:25 2011
push

Fri Apr 08 12:31:29 2011
sessionstart

Fri Apr 08 12:31:30 2011
push

Fri Apr 08 12:31:30 2011
steady

Fri Apr 08 12:31:31 2011
steady

Fri Apr 08 12:31:31 2011
steady

Fri Apr 08 12:31:33 2011
steady

Fri Apr 08 12:31:33 2011
steady

Fri Apr 08 12:31:33 2011
steady

Fri Apr 08 12:31:33 2011
steady

Fri Apr 08 12:31:34 2011
steady

Fri Apr 08 12:31:34 2011
steady

Fri Apr 08 12:31:34 2011
steady

Fri Apr 08 12:31:35 2011
steady

Fri Apr 08 12:31:35 2011
steady

Fri Apr 08 12:31:35 2011
steady

Fri Apr 08 12:31:37 2011
steady

Fri Apr 08 12:31:37 2011
steady

Fri Apr 08 12:31:38 2011
steady

Fri Apr 08 12:31:38 2011
steady

Fri Apr 08 12:31:38 2011
steady

Fri Apr 08 12:31:38 2011
steady

Fri Apr 08 12:31:39 2011
steady

Fri Apr 08 12:31:41 2011
steady

Fri Apr 08 12:31:41 2011
steady

Fri Apr 08 12:31:42 2011
steady

Fri Apr 08 12:31:42 2011
push

Fri Apr 08 12:31:43 2011
steady

Fri Apr 08 12:31:44 2011
push

Fri Apr 08 12:31:46 2011
steady

Fri Apr 08 12:31:46 2011
steady

Fri Apr 08 12:31:49 2011
steady

Fri Apr 08 12:31:49 2011
push

Fri Apr 08 12:31:51 2011
steady

Fri Apr 08 12:31:52 2011
steady

Fri Apr 08 12:31:52 2011
steady

Fri Apr 08 12:31:53 2011
steady

Fri Apr 08 12:31:53 2011
push

Fri Apr 08 12:31:55 2011
steady

Fri Apr 08 12:31:56 2011
steady

Fri Apr 08 12:31:56 2011
steady

Fri Apr 08 12:31:57 2011
steady

Fri Apr 08 12:31:59 2011
steady

Fri Apr 08 12:31:59 2011
push

Fri Apr 08 12:32:00 2011
steady

Fri Apr 08 12:32:00 2011
steady

Fri Apr 08 12:32:00 2011
steady

Fri Apr 08 12:32:02 2011
steady

Fri Apr 08 12:32:05 2011
steady

Fri Apr 08 12:32:05 2011
steady

Fri Apr 08 12:32:05 2011
steady

Fri Apr 08 12:32:05 2011
steady

Fri Apr 08 12:32:06 2011
steady

Fri Apr 08 12:32:06 2011
steady

Fri Apr 08 12:32:06 2011
steady

Fri Apr 08 12:32:06 2011
steady

Fri Apr 08 12:32:07 2011
steady

Fri Apr 08 12:32:07 2011
steady

Fri Apr 08 12:32:08 2011
steady

Fri Apr 08 12:32:08 2011
steady

Fri Apr 08 12:32:09 2011
steady

Fri Apr 08 12:32:09 2011
steady

Fri Apr 08 12:32:09 2011
steady

Fri Apr 08 12:32:09 2011
steady

Fri Apr 08 12:32:10 2011
steady

Fri Apr 08 12:32:10 2011
steady

Fri Apr 08 12:32:11 2011
steady

Fri Apr 08 12:32:11 2011
steady

Fri Apr 08 12:32:11 2011
steady

Fri Apr 08 12:32:11 2011
steady

Fri Apr 08 12:32:11 2011
steady

Fri Apr 08 12:32:13 2011
steady

Fri Apr 08 12:32:13 2011
steady

Fri Apr 08 12:32:13 2011
steady

Fri Apr 08 12:32:13 2011
steady

Fri Apr 08 12:32:18 2011
steady

Fri Apr 08 12:32:23 2011
steady

Fri Apr 08 12:32:24 2011
steady

Fri Apr 08 12:32:25 2011
steady

Fri Apr 08 12:32:36 2011
steady

Fri Apr 08 12:32:36 2011
steady

Fri Apr 08 12:32:37 2011
steady

Fri Apr 08 12:32:37 2011
steady

Fri Apr 08 12:32:37 2011
push

Fri Apr 08 12:32:38 2011
steady

Fri Apr 08 12:32:39 2011
steady

Fri Apr 08 12:32:39 2011
steady

Fri Apr 08 12:32:39 2011
steady

Fri Apr 08 12:32:40 2011
steady

Fri Apr 08 12:32:40 2011
steady

Fri Apr 08 12:32:40 2011
steady

Fri Apr 08 12:32:42 2011
steady

Fri Apr 08 12:32:48 2011
steady

Fri Apr 08 12:32:51 2011
steady

Fri Apr 08 12:32:51 2011
steady

Fri Apr 08 12:32:51 2011
steady

Fri Apr 08 12:32:52 2011
steady

Fri Apr 08 12:32:52 2011
steady

Fri Apr 08 12:32:52 2011
steady

Fri Apr 08 12:32:53 2011
steady

Fri Apr 08 12:32:53 2011
steady

Fri Apr 08 12:32:53 2011
steady

Fri Apr 08 12:32:53 2011
steady

Fri Apr 08 12:32:53 2011
steady

Fri Apr 08 12:32:54 2011
steady

Fri Apr 08 12:32:54 2011
steady

Fri Apr 08 12:32:54 2011
steady

Fri Apr 08 12:32:54 2011
steady

Fri Apr 08 12:32:55 2011
steady

Fri Apr 08 12:32:55 2011
steady

Fri Apr 08 12:32:55 2011
steady

Fri Apr 08 12:32:55 2011
steady

Fri Apr 08 12:32:56 2011
steady

Fri Apr 08 12:32:56 2011
steady

Fri Apr 08 12:32:56 2011
steady

Fri Apr 08 12:32:56 2011
steady

Fri Apr 08 12:32:57 2011
steady

Fri Apr 08 12:32:57 2011
steady

Fri Apr 08 12:32:57 2011
steady

Fri Apr 08 12:32:57 2011
steady

Fri Apr 08 12:32:57 2011
steady

Fri Apr 08 12:32:58 2011
steady

Fri Apr 08 12:32:58 2011
steady

Fri Apr 08 12:32:59 2011
steady

Fri Apr 08 12:33:01 2011
steady

Fri Apr 08 12:33:03 2011
push

Fri Apr 08 12:33:05 2011
steady

Fri Apr 08 12:33:10 2011
steady

Fri Apr 08 12:33:13 2011
steady

Fri Apr 08 12:33:13 2011
steady

Fri Apr 08 12:33:14 2011
steady

Fri Apr 08 12:33:18 2011
steady

Fri Apr 08 12:33:18 2011
steady

Fri Apr 08 12:33:18 2011
steady

Fri Apr 08 12:33:19 2011
steady

Fri Apr 08 12:33:19 2011
steady

Fri Apr 08 12:33:19 2011
steady

Fri Apr 08 12:33:20 2011
steady

Fri Apr 08 12:33:20 2011
steady

Fri Apr 08 12:33:21 2011
steady

Fri Apr 08 12:33:21 2011
steady

Fri Apr 08 12:33:26 2011
steady

Fri Apr 08 12:33:28 2011
steady

Fri Apr 08 12:33:29 2011
steady

Fri Apr 08 12:33:29 2011
steady

Fri Apr 08 12:33:30 2011
steady

Fri Apr 08 12:33:30 2011
steady

Fri Apr 08 12:33:30 2011
steady

Fri Apr 08 12:33:30 2011
steady

Fri Apr 08 12:33:41 2011
steady

Fri Apr 08 12:33:50 2011
steady

Fri Apr 08 12:33:53 2011
steady

Fri Apr 08 12:33:57 2011
steady

Fri Apr 08 12:33:58 2011
steady

Fri Apr 08 12:33:59 2011
steady

Fri Apr 08 12:34:00 2011
steady

Fri Apr 08 12:34:01 2011
steady

Fri Apr 08 12:34:01 2011
steady

Fri Apr 08 12:34:01 2011
steady

Fri Apr 08 12:34:02 2011
steady

Fri Apr 08 12:34:03 2011
steady

Fri Apr 08 12:34:03 2011
steady

Fri Apr 08 12:34:03 2011
steady

Fri Apr 08 12:34:04 2011
steady

Fri Apr 08 12:34:04 2011
steady

Fri Apr 08 12:34:07 2011
sessionstart

Fri Apr 08 12:34:17 2011
sessionstart

Fri Apr 08 12:34:19 2011
steady

Fri Apr 08 12:34:22 2011
steady

Fri Apr 08 12:34:22 2011
steady

Fri Apr 08 12:34:25 2011
steady

Fri Apr 08 12:34:26 2011
steady

Fri Apr 08 12:34:26 2011
steady

Fri Apr 08 12:34:27 2011
steady

Fri Apr 08 12:34:27 2011
steady

Fri Apr 08 12:34:27 2011
steady

Fri Apr 08 12:34:27 2011
steady

Fri Apr 08 12:34:27 2011
steady

Fri Apr 08 12:34:28 2011
steady

Fri Apr 08 12:34:33 2011
push

Fri Apr 08 12:34:34 2011
steady

Fri Apr 08 12:34:34 2011
steady

Fri Apr 08 12:34:35 2011
steady

Fri Apr 08 12:34:35 2011
steady

Fri Apr 08 12:34:35 2011
steady

Fri Apr 08 12:34:36 2011
steady

Fri Apr 08 12:34:36 2011
steady

Fri Apr 08 12:34:40 2011
steady

Fri Apr 08 12:34:40 2011
steady

Fri Apr 08 12:34:40 2011
steady

Fri Apr 08 12:34:41 2011
steady

Fri Apr 08 12:34:41 2011
steady

Fri Apr 08 12:34:41 2011
steady

Fri Apr 08 12:34:41 2011
steady

Fri Apr 08 12:34:41 2011
steady

Fri Apr 08 12:34:42 2011
steady

Fri Apr 08 12:34:45 2011
steady

Fri Apr 08 12:34:45 2011
steady

Fri Apr 08 12:34:46 2011
steady

Fri Apr 08 12:34:47 2011
steady

Fri Apr 08 12:34:47 2011
steady

Fri Apr 08 12:34:47 2011
steady

Fri Apr 08 12:34:48 2011
steady

Fri Apr 08 12:34:48 2011
steady

Fri Apr 08 12:34:48 2011
steady

Fri Apr 08 12:34:49 2011
steady

Fri Apr 08 12:34:49 2011
steady

Fri Apr 08 12:34:49 2011
steady

Fri Apr 08 12:34:50 2011
steady

Fri Apr 08 12:34:50 2011
steady

Fri Apr 08 12:34:50 2011
steady

Fri Apr 08 12:34:50 2011
steady

Fri Apr 08 12:34:51 2011
steady

Fri Apr 08 12:34:51 2011
steady

Fri Apr 08 12:34:51 2011
steady

Fri Apr 08 12:34:51 2011
steady

Fri Apr 08 12:34:52 2011
steady

Fri Apr 08 12:34:52 2011
steady

Fri Apr 08 12:34:52 2011
steady

Fri Apr 08 12:34:52 2011
steady

Fri Apr 08 12:34:53 2011
steady

Fri Apr 08 12:34:53 2011
steady

Fri Apr 08 12:34:53 2011
steady

Fri Apr 08 12:34:53 2011
steady

Fri Apr 08 12:34:54 2011
steady

Fri Apr 08 12:34:54 2011
steady

Fri Apr 08 12:34:55 2011
steady

Fri Apr 08 12:34:55 2011
steady

Fri Apr 08 12:34:55 2011
steady

Fri Apr 08 12:34:56 2011
steady

Fri Apr 08 12:34:56 2011
steady

Fri Apr 08 12:34:56 2011
steady

Fri Apr 08 12:34:56 2011
steady

Fri Apr 08 12:34:57 2011
steady

Fri Apr 08 12:34:57 2011
steady

Fri Apr 08 12:34:57 2011
steady

Fri Apr 08 12:35:01 2011
steady

Fri Apr 08 12:35:01 2011
steady

Fri Apr 08 12:35:01 2011
steady

Fri Apr 08 12:35:02 2011
steady

Fri Apr 08 12:35:02 2011
steady

Fri Apr 08 12:35:02 2011
steady

Fri Apr 08 12:35:02 2011
steady

Fri Apr 08 12:35:03 2011
steady

Fri Apr 08 12:35:03 2011
steady

Fri Apr 08 12:35:03 2011
steady

Fri Apr 08 12:35:03 2011
steady

Fri Apr 08 12:35:04 2011
steady

Fri Apr 08 12:35:04 2011
steady

Fri Apr 08 12:35:04 2011
steady

Fri Apr 08 12:35:04 2011
steady

Fri Apr 08 12:35:07 2011
steady

Fri Apr 08 12:35:09 2011
steady

Fri Apr 08 12:35:09 2011
steady

Fri Apr 08 12:35:14 2011
steady

Fri Apr 08 12:35:18 2011
steady

Fri Apr 08 12:35:18 2011
steady

Fri Apr 08 12:35:18 2011
steady

Fri Apr 08 12:35:18 2011
steady

Fri Apr 08 12:35:19 2011
steady

Fri Apr 08 12:35:19 2011
steady

Fri Apr 08 12:35:19 2011
steady

Fri Apr 08 12:35:19 2011
steady

Fri Apr 08 12:35:20 2011
steady

Fri Apr 08 12:35:22 2011
steady

Fri Apr 08 12:35:23 2011
steady

Fri Apr 08 12:35:25 2011
steady

Fri Apr 08 12:35:27 2011
steady

Fri Apr 08 12:35:28 2011
steady

Fri Apr 08 12:35:30 2011
steady

Fri Apr 08 12:35:30 2011
steady

Fri Apr 08 12:35:31 2011
steady

Fri Apr 08 12:35:31 2011
steady

Fri Apr 08 12:35:31 2011
steady

Fri Apr 08 12:35:31 2011
steady

Fri Apr 08 12:35:32 2011
steady

Fri Apr 08 12:35:32 2011
steady

Fri Apr 08 12:35:32 2011
steady

Fri Apr 08 12:35:33 2011
steady

Fri Apr 08 12:35:33 2011
steady

Fri Apr 08 12:35:33 2011
steady

Fri Apr 08 12:35:38 2011
steady

Fri Apr 08 12:35:38 2011
steady

Fri Apr 08 12:35:39 2011
steady

Fri Apr 08 12:35:39 2011
steady

Fri Apr 08 12:35:39 2011
steady

Fri Apr 08 12:35:39 2011
steady

Fri Apr 08 12:35:39 2011
steady

Fri Apr 08 12:35:40 2011
steady

Fri Apr 08 12:35:40 2011
steady

Fri Apr 08 12:35:40 2011
steady

Fri Apr 08 12:35:40 2011
steady

Fri Apr 08 12:35:41 2011
steady

Fri Apr 08 12:35:41 2011
steady

Fri Apr 08 12:35:42 2011
steady

Fri Apr 08 12:36:00 2011
sessionend

