Fri Apr 08 13:01:40 2011
sessionstart

Fri Apr 08 13:01:41 2011
steady

Fri Apr 08 13:01:42 2011
steady

Fri Apr 08 13:01:42 2011
steady

Fri Apr 08 13:01:42 2011
steady

Fri Apr 08 13:01:43 2011
steady

Fri Apr 08 13:01:43 2011
steady

Fri Apr 08 13:01:43 2011
steady

Fri Apr 08 13:01:43 2011
steady

Fri Apr 08 13:01:44 2011
steady

Fri Apr 08 13:01:44 2011
steady

Fri Apr 08 13:01:44 2011
steady

Fri Apr 08 13:01:45 2011
steady

Fri Apr 08 13:01:45 2011
steady

Fri Apr 08 13:01:45 2011
steady

Fri Apr 08 13:01:45 2011
steady

Fri Apr 08 13:01:46 2011
steady

Fri Apr 08 13:01:46 2011
steady

Fri Apr 08 13:01:47 2011
steady

Fri Apr 08 13:01:47 2011
steady

Fri Apr 08 13:01:48 2011
steady

Fri Apr 08 13:01:49 2011
steady

Fri Apr 08 13:01:49 2011
steady

Fri Apr 08 13:01:49 2011
steady

Fri Apr 08 13:01:49 2011
steady

Fri Apr 08 13:01:50 2011
steady

Fri Apr 08 13:01:50 2011
steady

Fri Apr 08 13:01:50 2011
steady

Fri Apr 08 13:01:50 2011
steady

Fri Apr 08 13:01:51 2011
steady

Fri Apr 08 13:01:52 2011
steady

Fri Apr 08 13:01:53 2011
steady

Fri Apr 08 13:01:53 2011
steady

Fri Apr 08 13:01:53 2011
steady

Fri Apr 08 13:01:53 2011
steady

Fri Apr 08 13:01:56 2011
steady

Fri Apr 08 13:01:56 2011
steady

Fri Apr 08 13:01:59 2011
steady

Fri Apr 08 13:01:59 2011
steady

Fri Apr 08 13:02:00 2011
steady

Fri Apr 08 13:02:00 2011
steady

Fri Apr 08 13:02:01 2011
steady

Fri Apr 08 13:02:01 2011
steady

Fri Apr 08 13:02:01 2011
steady

Fri Apr 08 13:02:02 2011
steady

Fri Apr 08 13:02:02 2011
steady

Fri Apr 08 13:02:02 2011
push

Fri Apr 08 13:02:03 2011
steady

Fri Apr 08 13:02:04 2011
steady

Fri Apr 08 13:02:04 2011
steady

Fri Apr 08 13:02:05 2011
steady

Fri Apr 08 13:02:05 2011
steady

Fri Apr 08 13:02:05 2011
steady

Fri Apr 08 13:02:06 2011
push

Fri Apr 08 13:02:07 2011
push

Fri Apr 08 13:02:07 2011
steady

Fri Apr 08 13:02:08 2011
steady

Fri Apr 08 13:02:11 2011
steady

Fri Apr 08 13:02:12 2011
steady

Fri Apr 08 13:02:12 2011
steady

Fri Apr 08 13:02:12 2011
steady

Fri Apr 08 13:02:12 2011
steady

Fri Apr 08 13:02:13 2011
steady

Fri Apr 08 13:02:14 2011
steady

Fri Apr 08 13:02:14 2011
steady

Fri Apr 08 13:02:14 2011
steady

Fri Apr 08 13:02:15 2011
steady

Fri Apr 08 13:02:17 2011
steady

Fri Apr 08 13:02:18 2011
steady

Fri Apr 08 13:02:18 2011
steady

Fri Apr 08 13:02:18 2011
steady

Fri Apr 08 13:02:18 2011
steady

Fri Apr 08 13:02:19 2011
steady

Fri Apr 08 13:02:19 2011
steady

Fri Apr 08 13:02:19 2011
steady

Fri Apr 08 13:02:19 2011
steady

Fri Apr 08 13:02:20 2011
steady

Fri Apr 08 13:02:20 2011
steady

Fri Apr 08 13:02:20 2011
steady

Fri Apr 08 13:02:20 2011
steady

Fri Apr 08 13:02:20 2011
steady

Fri Apr 08 13:02:21 2011
steady

Fri Apr 08 13:02:23 2011
push

Fri Apr 08 13:02:24 2011
steady

Fri Apr 08 13:02:24 2011
steady

Fri Apr 08 13:02:24 2011
steady

Fri Apr 08 13:02:25 2011
steady

Fri Apr 08 13:02:26 2011
steady

Fri Apr 08 13:02:26 2011
steady

Fri Apr 08 13:02:27 2011
steady

Fri Apr 08 13:02:28 2011
steady

Fri Apr 08 13:02:28 2011
steady

Fri Apr 08 13:02:29 2011
steady

Fri Apr 08 13:02:29 2011
steady

Fri Apr 08 13:02:30 2011
steady

Fri Apr 08 13:02:30 2011
steady

Fri Apr 08 13:02:30 2011
steady

Fri Apr 08 13:02:30 2011
steady

Fri Apr 08 13:02:31 2011
steady

Fri Apr 08 13:02:31 2011
steady

Fri Apr 08 13:02:34 2011
steady

Fri Apr 08 13:02:34 2011
push

Fri Apr 08 13:02:37 2011
steady

Fri Apr 08 13:02:37 2011
steady

Fri Apr 08 13:02:37 2011
steady

Fri Apr 08 13:02:38 2011
steady

Fri Apr 08 13:02:38 2011
steady

Fri Apr 08 13:02:38 2011
steady

Fri Apr 08 13:02:38 2011
steady

Fri Apr 08 13:02:39 2011
steady

Fri Apr 08 13:02:39 2011
steady

Fri Apr 08 13:02:39 2011
steady

Fri Apr 08 13:02:39 2011
steady

Fri Apr 08 13:02:40 2011
steady

Fri Apr 08 13:02:40 2011
steady

Fri Apr 08 13:02:40 2011
steady

Fri Apr 08 13:02:40 2011
steady

Fri Apr 08 13:02:41 2011
steady

Fri Apr 08 13:02:41 2011
steady

Fri Apr 08 13:02:41 2011
steady

Fri Apr 08 13:02:41 2011
steady

Fri Apr 08 13:02:41 2011
steady

Fri Apr 08 13:02:42 2011
steady

Fri Apr 08 13:02:42 2011
steady

Fri Apr 08 13:02:42 2011
steady

Fri Apr 08 13:02:42 2011
steady

Fri Apr 08 13:02:43 2011
steady

Fri Apr 08 13:02:43 2011
steady

Fri Apr 08 13:02:43 2011
steady

Fri Apr 08 13:02:43 2011
steady

Fri Apr 08 13:02:44 2011
steady

Fri Apr 08 13:02:44 2011
steady

Fri Apr 08 13:02:44 2011
steady

Fri Apr 08 13:02:44 2011
steady

Fri Apr 08 13:02:45 2011
steady

Fri Apr 08 13:02:45 2011
steady

Fri Apr 08 13:02:45 2011
steady

Fri Apr 08 13:02:46 2011
steady

Fri Apr 08 13:02:46 2011
steady

Fri Apr 08 13:02:46 2011
steady

Fri Apr 08 13:02:46 2011
steady

Fri Apr 08 13:02:47 2011
steady

Fri Apr 08 13:02:47 2011
steady

Fri Apr 08 13:02:47 2011
steady

Fri Apr 08 13:02:47 2011
steady

Fri Apr 08 13:02:48 2011
steady

Fri Apr 08 13:02:48 2011
steady

Fri Apr 08 13:02:48 2011
steady

Fri Apr 08 13:02:48 2011
steady

Fri Apr 08 13:02:48 2011
steady

Fri Apr 08 13:02:50 2011
steady

Fri Apr 08 13:02:50 2011
steady

Fri Apr 08 13:02:51 2011
steady

Fri Apr 08 13:02:51 2011
steady

Fri Apr 08 13:02:52 2011
steady

Fri Apr 08 13:02:52 2011
steady

Fri Apr 08 13:02:52 2011
steady

Fri Apr 08 13:02:52 2011
steady

Fri Apr 08 13:02:53 2011
steady

Fri Apr 08 13:02:53 2011
steady

Fri Apr 08 13:02:53 2011
steady

Fri Apr 08 13:02:53 2011
steady

Fri Apr 08 13:02:55 2011
steady

Fri Apr 08 13:02:56 2011
steady

Fri Apr 08 13:02:58 2011
steady

Fri Apr 08 13:02:59 2011
steady

Fri Apr 08 13:02:59 2011
steady

Fri Apr 08 13:02:59 2011
steady

Fri Apr 08 13:03:00 2011
steady

Fri Apr 08 13:03:01 2011
steady

Fri Apr 08 13:03:01 2011
steady

Fri Apr 08 13:03:01 2011
steady

Fri Apr 08 13:03:02 2011
steady

Fri Apr 08 13:03:02 2011
steady

Fri Apr 08 13:03:04 2011
steady

Fri Apr 08 13:03:05 2011
steady

Fri Apr 08 13:03:07 2011
steady

Fri Apr 08 13:03:08 2011
steady

Fri Apr 08 13:03:09 2011
steady

Fri Apr 08 13:03:09 2011
steady

Fri Apr 08 13:03:12 2011
steady

Fri Apr 08 13:03:14 2011
steady

Fri Apr 08 13:03:15 2011
steady

Fri Apr 08 13:03:16 2011
steady

Fri Apr 08 13:03:16 2011
steady

Fri Apr 08 13:03:19 2011
push

Fri Apr 08 13:03:20 2011
steady

Fri Apr 08 13:03:21 2011
steady

Fri Apr 08 13:03:21 2011
steady

Fri Apr 08 13:03:21 2011
steady

Fri Apr 08 13:03:21 2011
steady

Fri Apr 08 13:03:22 2011
steady

Fri Apr 08 13:03:22 2011
steady

Fri Apr 08 13:03:23 2011
steady

Fri Apr 08 13:03:23 2011
steady

Fri Apr 08 13:03:23 2011
steady

Fri Apr 08 13:03:24 2011
steady

Fri Apr 08 13:03:26 2011
steady

Fri Apr 08 13:03:27 2011
steady

Fri Apr 08 13:03:27 2011
steady

Fri Apr 08 13:03:28 2011
steady

Fri Apr 08 13:03:28 2011
steady

Fri Apr 08 13:03:29 2011
steady

Fri Apr 08 13:03:30 2011
steady

Fri Apr 08 13:03:33 2011
steady

Fri Apr 08 13:03:33 2011
steady

Fri Apr 08 13:03:34 2011
steady

Fri Apr 08 13:03:35 2011
steady

Fri Apr 08 13:03:35 2011
steady

Fri Apr 08 13:03:38 2011
steady

Fri Apr 08 13:03:39 2011
steady

Fri Apr 08 13:03:42 2011
sessionstart

Fri Apr 08 13:03:42 2011
steady

Fri Apr 08 13:03:42 2011
steady

Fri Apr 08 13:03:43 2011
steady

Fri Apr 08 13:03:43 2011
steady

Fri Apr 08 13:03:44 2011
push

Fri Apr 08 13:03:46 2011
steady

Fri Apr 08 13:03:46 2011
steady

Fri Apr 08 13:03:47 2011
steady

Fri Apr 08 13:03:47 2011
steady

Fri Apr 08 13:03:49 2011
steady

Fri Apr 08 13:03:54 2011
sessionstart

Fri Apr 08 13:03:54 2011
steady

Fri Apr 08 13:03:54 2011
steady

Fri Apr 08 13:03:55 2011
steady

Fri Apr 08 13:03:55 2011
steady

Fri Apr 08 13:03:56 2011
steady

Fri Apr 08 13:03:56 2011
steady

Fri Apr 08 13:03:57 2011
steady

Fri Apr 08 13:03:57 2011
steady

Fri Apr 08 13:03:58 2011
steady

Fri Apr 08 13:03:58 2011
push

Fri Apr 08 13:03:59 2011
steady

Fri Apr 08 13:03:59 2011
steady

Fri Apr 08 13:03:59 2011
steady

Fri Apr 08 13:04:00 2011
steady

Fri Apr 08 13:04:01 2011
steady

Fri Apr 08 13:04:02 2011
steady

Fri Apr 08 13:04:02 2011
push

Fri Apr 08 13:04:04 2011
steady

Fri Apr 08 13:04:07 2011
sessionstart

Fri Apr 08 13:04:08 2011
steady

Fri Apr 08 13:04:08 2011
steady

Fri Apr 08 13:04:08 2011
steady

Fri Apr 08 13:04:08 2011
steady

Fri Apr 08 13:04:09 2011
steady

Fri Apr 08 13:04:09 2011
steady

Fri Apr 08 13:04:09 2011
steady

Fri Apr 08 13:04:10 2011
steady

Fri Apr 08 13:04:10 2011
steady

Fri Apr 08 13:04:10 2011
steady

Fri Apr 08 13:04:11 2011
push

Fri Apr 08 13:04:12 2011
steady

Fri Apr 08 13:04:12 2011
steady

Fri Apr 08 13:04:16 2011
steady

Fri Apr 08 13:04:18 2011
push

Fri Apr 08 13:04:21 2011
steady

Fri Apr 08 13:04:21 2011
push

Fri Apr 08 13:04:23 2011
steady

Fri Apr 08 13:04:24 2011
push

Fri Apr 08 13:04:26 2011
steady

Fri Apr 08 13:04:26 2011
steady

Fri Apr 08 13:04:27 2011
steady

Fri Apr 08 13:04:28 2011
push

Fri Apr 08 13:04:29 2011
steady

Fri Apr 08 13:04:31 2011
push

Fri Apr 08 13:04:34 2011
steady

Fri Apr 08 13:04:34 2011
steady

Fri Apr 08 13:04:35 2011
push

Fri Apr 08 13:04:37 2011
push

Fri Apr 08 13:04:37 2011
steady

Fri Apr 08 13:04:39 2011
push

Fri Apr 08 13:04:43 2011
steady

Fri Apr 08 13:04:43 2011
steady

Fri Apr 08 13:04:43 2011
push

Fri Apr 08 13:04:44 2011
steady

Fri Apr 08 13:04:48 2011
steady

Fri Apr 08 13:04:48 2011
steady

Fri Apr 08 13:04:48 2011
steady

Fri Apr 08 13:04:49 2011
steady

Fri Apr 08 13:04:52 2011
steady

Fri Apr 08 13:04:52 2011
steady

Fri Apr 08 13:04:52 2011
steady

Fri Apr 08 13:04:53 2011
steady

Fri Apr 08 13:04:53 2011
steady

Fri Apr 08 13:04:56 2011
sessionstart

Fri Apr 08 13:04:57 2011
push

Fri Apr 08 13:05:00 2011
steady

Fri Apr 08 13:05:07 2011
steady

Fri Apr 08 13:05:12 2011
steady

Fri Apr 08 13:05:12 2011
steady

Fri Apr 08 13:05:13 2011
steady

Fri Apr 08 13:05:13 2011
steady

Fri Apr 08 13:05:13 2011
steady

Fri Apr 08 13:05:16 2011
sessionstart

Fri Apr 08 13:05:17 2011
steady

Fri Apr 08 13:05:17 2011
steady

Fri Apr 08 13:05:17 2011
steady

Fri Apr 08 13:05:17 2011
steady

Fri Apr 08 13:05:17 2011
steady

Fri Apr 08 13:05:18 2011
steady

Fri Apr 08 13:05:18 2011
steady

Fri Apr 08 13:05:18 2011
steady

Fri Apr 08 13:05:18 2011
steady

Fri Apr 08 13:05:19 2011
steady

Fri Apr 08 13:05:19 2011
steady

Fri Apr 08 13:05:19 2011
steady

Fri Apr 08 13:05:19 2011
steady

Fri Apr 08 13:05:20 2011
steady

Fri Apr 08 13:05:20 2011
steady

Fri Apr 08 13:05:20 2011
steady

Fri Apr 08 13:05:20 2011
steady

Fri Apr 08 13:05:21 2011
steady

Fri Apr 08 13:05:21 2011
steady

Fri Apr 08 13:05:21 2011
steady

Fri Apr 08 13:05:21 2011
steady

Fri Apr 08 13:05:22 2011
steady

Fri Apr 08 13:05:22 2011
steady

Fri Apr 08 13:05:22 2011
steady

Fri Apr 08 13:05:24 2011
steady

Fri Apr 08 13:05:25 2011
steady

Fri Apr 08 13:05:25 2011
steady

Fri Apr 08 13:05:25 2011
steady

Fri Apr 08 13:05:26 2011
steady

Fri Apr 08 13:05:26 2011
steady

Fri Apr 08 13:05:26 2011
steady

Fri Apr 08 13:05:26 2011
steady

Fri Apr 08 13:05:27 2011
steady

Fri Apr 08 13:05:27 2011
steady

Fri Apr 08 13:05:27 2011
steady

Fri Apr 08 13:05:27 2011
steady

Fri Apr 08 13:05:28 2011
steady

Fri Apr 08 13:05:28 2011
steady

Fri Apr 08 13:05:29 2011
steady

Fri Apr 08 13:05:29 2011
steady

Fri Apr 08 13:05:30 2011
steady

Fri Apr 08 13:05:30 2011
steady

Fri Apr 08 13:05:30 2011
steady

Fri Apr 08 13:05:30 2011
steady

Fri Apr 08 13:05:31 2011
steady

Fri Apr 08 13:05:31 2011
steady

Fri Apr 08 13:05:33 2011
steady

Fri Apr 08 13:05:35 2011
push

Fri Apr 08 13:05:36 2011
steady

Fri Apr 08 13:05:38 2011
steady

Fri Apr 08 13:05:39 2011
steady

Fri Apr 08 13:05:39 2011
steady

Fri Apr 08 13:05:39 2011
steady

Fri Apr 08 13:05:41 2011
steady

Fri Apr 08 13:05:41 2011
push

Fri Apr 08 13:05:43 2011
steady

Fri Apr 08 13:05:43 2011
steady

Fri Apr 08 13:05:44 2011
steady

Fri Apr 08 13:05:44 2011
steady

Fri Apr 08 13:05:44 2011
steady

Fri Apr 08 13:05:45 2011
steady

Fri Apr 08 13:05:46 2011
steady

Fri Apr 08 13:05:50 2011
steady

Fri Apr 08 13:05:51 2011
push

Fri Apr 08 13:05:52 2011
steady

Fri Apr 08 13:05:53 2011
steady

Fri Apr 08 13:05:56 2011
steady

Fri Apr 08 13:05:57 2011
steady

Fri Apr 08 13:05:57 2011
steady

Fri Apr 08 13:05:57 2011
steady

Fri Apr 08 13:05:58 2011
steady

Fri Apr 08 13:05:59 2011
steady

Fri Apr 08 13:06:00 2011
steady

Fri Apr 08 13:06:00 2011
steady

Fri Apr 08 13:06:00 2011
steady

Fri Apr 08 13:06:02 2011
steady

Fri Apr 08 13:06:07 2011
sessionstart

Fri Apr 08 13:06:08 2011
steady

Fri Apr 08 13:06:10 2011
steady

Fri Apr 08 13:06:10 2011
steady

Fri Apr 08 13:06:10 2011
steady

Fri Apr 08 13:06:11 2011
steady

Fri Apr 08 13:06:11 2011
steady

Fri Apr 08 13:06:11 2011
steady

Fri Apr 08 13:06:12 2011
steady

Fri Apr 08 13:06:12 2011
steady

Fri Apr 08 13:06:12 2011
steady

Fri Apr 08 13:06:12 2011
steady

Fri Apr 08 13:06:13 2011
steady

Fri Apr 08 13:06:13 2011
steady

Fri Apr 08 13:06:13 2011
steady

Fri Apr 08 13:06:13 2011
steady

Fri Apr 08 13:06:13 2011
steady

Fri Apr 08 13:06:14 2011
steady

Fri Apr 08 13:06:14 2011
steady

Fri Apr 08 13:06:15 2011
steady

Fri Apr 08 13:06:15 2011
steady

Fri Apr 08 13:06:18 2011
sessionstart

Fri Apr 08 13:06:18 2011
steady

Fri Apr 08 13:06:19 2011
steady

Fri Apr 08 13:06:19 2011
steady

Fri Apr 08 13:06:19 2011
steady

Fri Apr 08 13:06:19 2011
steady

Fri Apr 08 13:06:20 2011
steady

Fri Apr 08 13:06:20 2011
steady

Fri Apr 08 13:06:20 2011
steady

Fri Apr 08 13:06:20 2011
steady

Fri Apr 08 13:06:20 2011
steady

Fri Apr 08 13:06:21 2011
steady

Fri Apr 08 13:06:21 2011
steady

Fri Apr 08 13:06:21 2011
steady

Fri Apr 08 13:06:21 2011
steady

Fri Apr 08 13:06:22 2011
steady

Fri Apr 08 13:06:22 2011
steady

Fri Apr 08 13:06:22 2011
steady

Fri Apr 08 13:06:22 2011
steady

Fri Apr 08 13:06:23 2011
steady

Fri Apr 08 13:06:23 2011
steady

Fri Apr 08 13:06:23 2011
steady

Fri Apr 08 13:06:24 2011
steady

Fri Apr 08 13:06:24 2011
steady

Fri Apr 08 13:06:26 2011
steady

Fri Apr 08 13:06:26 2011
steady

Fri Apr 08 13:06:28 2011
steady

Fri Apr 08 13:06:28 2011
steady

Fri Apr 08 13:06:36 2011
steady

Fri Apr 08 13:06:36 2011
steady

Fri Apr 08 13:06:37 2011
steady

Fri Apr 08 13:06:37 2011
steady

Fri Apr 08 13:06:37 2011
steady

Fri Apr 08 13:06:37 2011
steady

Fri Apr 08 13:06:38 2011
steady

Fri Apr 08 13:06:38 2011
steady

Fri Apr 08 13:06:38 2011
steady

Fri Apr 08 13:06:38 2011
steady

Fri Apr 08 13:06:39 2011
steady

Fri Apr 08 13:06:39 2011
steady

Fri Apr 08 13:06:39 2011
steady

Fri Apr 08 13:06:39 2011
steady

Fri Apr 08 13:06:40 2011
steady

Fri Apr 08 13:06:43 2011
steady

Fri Apr 08 13:06:44 2011
steady

Fri Apr 08 13:06:44 2011
steady

Fri Apr 08 13:06:46 2011
steady

Fri Apr 08 13:06:48 2011
push

Fri Apr 08 13:07:04 2011
sessionend

